[2024-Oct-03 15:28:52.728 -06:00][110864:110864][info ] Logging initialized
[2024-Oct-03 15:28:52.728 -06:00][110864:110864][info ] Initializing krisp SDK...
[2024-Oct-03 15:28:52.728 -06:00][110864:110864][info ] DoKrispInitialize
[2024-Oct-03 15:28:53.020 -06:00][110864:110864][info ] LoadDynamicKrisp
[2024-Oct-03 15:28:53.020 -06:00][110864:110864][info ] Did not find KRISP_DYLIB_PATH, skipping dynamic loading
[2024-Oct-03 15:28:53.020 -06:00][110864:110864][info ] Initializing Krisp SDK in PID 110864, addr 0x713e805903f0
[2024-Oct-03 15:28:53.172 -06:00][110864:110864][info ] Initialized Krisp SDK successfully
[2024-Oct-03 15:28:53.172 -06:00][110864:110864][info ] Krisp SDK initialized
[2024-Oct-03 16:44:35.277 -06:00][24007:24007][info ] Logging initialized
[2024-Oct-03 16:44:35.277 -06:00][24007:24007][info ] Initializing krisp SDK...
[2024-Oct-03 16:44:35.277 -06:00][24007:24007][info ] DoKrispInitialize
[2024-Oct-03 16:44:35.571 -06:00][24007:24007][info ] LoadDynamicKrisp
[2024-Oct-03 16:44:35.571 -06:00][24007:24007][info ] Did not find KRISP_DYLIB_PATH, skipping dynamic loading
[2024-Oct-03 16:44:35.571 -06:00][24007:24007][info ] Initializing Krisp SDK in PID 24007, addr 0x7054c13903f0
[2024-Oct-03 16:44:35.731 -06:00][24007:24007][info ] Initialized Krisp SDK successfully
[2024-Oct-03 16:44:35.731 -06:00][24007:24007][info ] Krisp SDK initialized
[2024-Oct-03 16:44:36.869 -06:00][24007:24007][info ] Logging initialized
[2024-Oct-03 16:44:36.869 -06:00][24007:24007][info ] Initializing krisp SDK...
[2024-Oct-03 16:44:36.869 -06:00][24007:24007][info ] Krisp SDK initialized
[2024-Oct-03 19:51:49.513 -06:00][24007:24263][info ] KrispNCSetup: sampleRate = 48000, duration = 10
[2024-Oct-03 19:51:49.514 -06:00][24007:24263][info ] Setting Krisp model: full_NC
[2024-Oct-03 19:51:49.529 -06:00][24007:24263][info ] KrispVADSetup: sampleRate = 48000, duration = 10
[2024-Oct-03 20:18:06.150 -06:00][24007:24257][info ] KrispVADReset
