2024-10-03T21:28:41.459Z 0: 

----------------------------------------------
2024-10-03T21:28:41.467Z 1: Discord starting: {"releaseChannel":"stable","version":"0.0.70"}, modulepath: /home/brodesimus/.config/discord/0.0.70/modules
2024-10-03T21:28:41.473Z 2: ✅ webContents.created web1 "index.html"
2024-10-03T21:28:41.478Z 3: ✅ window.created win1 "discord"
2024-10-03T21:28:41.677Z 4: ✅ webContents.did-finish-load web1
2024-10-03T21:28:49.026Z 5: ✅ webContents.created web2 ""
2024-10-03T21:28:49.031Z 6: ✅ window.created win2 "Discord"
2024-10-03T21:28:50.508Z 7: ✅ webContents.did-finish-load web2
2024-10-03T21:28:50.609Z 8: window.close win1
2024-10-03T21:28:50.634Z 9: webContents.destroyed web1
2024-10-03T21:28:50.638Z 10: window.closed win1
2024-10-03T21:29:53.245Z 11: window.close win2
2024-10-03T21:29:58.848Z 12: before-quit
2024-10-03T21:29:58.858Z 13: window.close win2
2024-10-03T21:29:58.915Z 14: webContents.destroyed web2
2024-10-03T22:44:29.700Z 0: 

----------------------------------------------
2024-10-03T22:44:29.709Z 1: Discord starting: {"releaseChannel":"stable","version":"0.0.70"}, modulepath: /home/brodesimus/.config/discord/0.0.70/modules
2024-10-03T22:44:29.714Z 2: ✅ webContents.created web1 "index.html"
2024-10-03T22:44:29.719Z 3: ✅ window.created win1 "discord"
2024-10-03T22:44:29.934Z 4: ✅ webContents.did-finish-load web1
2024-10-03T22:44:30.950Z 5: ✅ webContents.created web2 ""
2024-10-03T22:44:30.954Z 6: ✅ window.created win2 "Discord"
2024-10-03T22:44:35.812Z 7: ✅ webContents.did-finish-load web2
2024-10-03T22:44:35.913Z 8: window.close win1
2024-10-03T22:44:35.938Z 9: webContents.destroyed web1
2024-10-03T22:44:35.942Z 10: window.closed win1
2024-10-03T22:44:36.949Z 11: ✅ webContents.did-finish-load web2
2024-10-03T23:56:59.057Z 12: window.close win2
2024-10-04T00:05:25.828Z 13: window.close win2
2024-10-04T00:23:03.100Z 14: window.close win2
2024-10-04T00:23:26.347Z 15: window.close win2
2024-10-04T00:34:47.972Z 16: window.close win2
2024-10-04T01:09:14.540Z 17: window.close win2
2024-10-04T01:09:54.883Z 18: window.close win2
2024-10-04T01:10:20.160Z 19: window.close win2
2024-10-04T01:25:05.325Z 20: window.close win2
2024-10-04T02:18:11.937Z 21: window.close win2
2024-10-04T02:20:38.982Z 22: window.close win2
2024-10-04T02:21:00.083Z 23: window.close win2
2024-10-04T02:24:04.649Z 24: window.close win2
2024-10-04T03:34:53.418Z 25: window.close win2
2024-10-04T03:57:00.279Z 26: window.close win2
2024-10-04T03:57:03.529Z 27: before-quit
2024-10-04T03:57:03.539Z 28: window.close win2
2024-10-04T03:57:03.597Z 29: webContents.destroyed web2
